<?xml version="1.0" encoding="UTF-8"?>
<!-- Generated by org.testng.reporters.JUnitReportReporter -->
<testsuite hostname="Kavya" failures="0" tests="4" name="com.ohrm.pages.LoginPageTest" time="44.496" errors="0" timestamp="2023-01-24T11:52:23 IST" skipped="0">
  <testcase classname="com.ohrm.pages.LoginPageTest" name="CompanyLinkTest" time="5.828"/>
  <system-out/>
  <testcase classname="com.ohrm.pages.LoginPageTest" name="validateTitleTest" time="8.521"/>
  <system-out/>
  <testcase classname="com.ohrm.pages.LoginPageTest" name="validateLoginTest" time="16.587"/>
  <system-out/>
  <testcase classname="com.ohrm.pages.LoginPageTest" name="ForgotPasswordLinkTest" time="13.560"/>
  <system-out/>
</testsuite> <!-- com.ohrm.pages.LoginPageTest -->
